<?xml version="1.0" encoding="UTF-8"?>
<testng-results skipped="0" failed="0" ignored="0" total="1" passed="1">
  <reporter-output>
  </reporter-output>
  <suite name="Default suite" duration-ms="19881" started-at="2020-06-28T01:51:42 EDT" finished-at="2020-06-28T01:52:01 EDT">
    <groups>
    </groups>
    <test name="Default test" duration-ms="19881" started-at="2020-06-28T01:51:42 EDT" finished-at="2020-06-28T01:52:01 EDT">
      <class name="gather.Togather">
        <test-method status="PASS" signature="OpenBrowers()[pri:0, instance:gather.Togather@4f970963]" name="OpenBrowers" is-config="true" duration-ms="14877" started-at="2020-06-28T01:51:42 EDT" finished-at="2020-06-28T01:51:56 EDT">
          <reporter-output>
          </reporter-output>
        </test-method> <!-- OpenBrowers -->
        <test-method status="PASS" signature="singupPage()[pri:0, instance:gather.Togather@4f970963]" name="singupPage" duration-ms="518" started-at="2020-06-28T01:51:56 EDT" finished-at="2020-06-28T01:51:57 EDT">
          <reporter-output>
          </reporter-output>
        </test-method> <!-- singupPage -->
        <test-method status="PASS" signature="closeBrowers()[pri:0, instance:gather.Togather@4f970963]" name="closeBrowers" is-config="true" duration-ms="4390" started-at="2020-06-28T01:51:57 EDT" finished-at="2020-06-28T01:52:01 EDT">
          <reporter-output>
          </reporter-output>
        </test-method> <!-- closeBrowers -->
        <test-method status="PASS" signature="TearDown()[pri:0, instance:gather.Togather@4f970963]" name="TearDown" is-config="true" duration-ms="933" started-at="2020-06-28T01:52:02 EDT" finished-at="2020-06-28T01:52:02 EDT">
          <reporter-output>
          </reporter-output>
        </test-method> <!-- TearDown -->
      </class> <!-- gather.Togather -->
    </test> <!-- Default test -->
  </suite> <!-- Default suite -->
</testng-results>
